<?xml version="1.0" encoding="UTF-8"?>
<!-- Generated by org.testng.reporters.JUnitReportReporter -->
<testsuite hostname="LAPTOP-R460F5QO" failures="0" tests="2" name="org.mock.api.test.PostMockUserTest" time="1.632" errors="0" timestamp="2025-07-06T18:55:21 IST" skipped="1">
  <testcase classname="org.mock.api.test.PostMockUserTest" name="createDummyUserWithJsonFileTest" time="1.632"/>
  <system-out/>
  <testcase classname="org.mock.api.test.PostMockUserTest" name="createMockUserAPITest">
    <skipped/>
  </testcase> <!-- createMockUserAPITest -->
  <system-out/>
</testsuite> <!-- org.mock.api.test.PostMockUserTest -->
