<?xml version="1.0" encoding="UTF-8"?>
<!-- Generated by org.testng.reporters.JUnitReportReporter -->
<testsuite hostname="LAPTOP-R460F5QO" failures="0" tests="2" name="org.mock.api.test.GetMockUserTest" time="0.847" errors="0" timestamp="2025-07-06T13:00:29 IST" skipped="1">
  <testcase classname="org.mock.api.test.GetMockUserTest" name="mockUserWithQueryParamAPITest" time="0.847"/>
  <system-out/>
  <testcase classname="org.mock.api.test.GetMockUserTest" name="mockUserAPITest">
    <skipped/>
  </testcase> <!-- mockUserAPITest -->
  <system-out/>
</testsuite> <!-- org.mock.api.test.GetMockUserTest -->
