<?xml version="1.0" encoding="UTF-8"?>
<!-- Generated by org.testng.reporters.JUnitReportReporter -->
<testsuite hostname="LAPTOP-R460F5QO" failures="0" tests="1" name="org.mock.api.test.DeleteMockUserTest" time="2.396" errors="0" timestamp="2025-07-06T12:26:16 IST" skipped="0">
  <testcase classname="org.mock.api.test.DeleteMockUserTest" name="createMockUserAPITest" time="2.396"/>
  <system-out/>
</testsuite> <!-- org.mock.api.test.DeleteMockUserTest -->
