<?xml version="1.0" encoding="UTF-8"?>
<!-- Generated by org.testng.reporters.JUnitReportReporter -->
<testsuite hostname="LAPTOP-R460F5QO" failures="0" tests="1" name="org.mock.api.test.MockUserTest" time="3.431" errors="0" timestamp="2025-07-05T20:35:58 IST" skipped="0">
  <testcase classname="org.mock.api.test.MockUserTest" name="mockUserAPITest" time="3.431"/>
  <system-out/>
</testsuite> <!-- org.mock.api.test.MockUserTest -->
