<?xml version="1.0" encoding="UTF-8"?>
<!-- Generated by org.testng.reporters.JUnitReportReporter -->
<testsuite hostname="DESKTOP-KEGK38M" failures="0" tests="1" name="RA_03_04_PostAPIs.D3_CreateUserWithPojo_RandomMailGenerationTest" time="7.543" errors="0" timestamp="2024-05-05T19:49:31 IST" skipped="0">
  <testcase classname="RA_03_04_PostAPIs.D3_CreateUserWithPojo_RandomMailGenerationTest" name="postGetCallwitjhPojoTest" time="7.543"/>
  <system-out/>
</testsuite> <!-- RA_03_04_PostAPIs.D3_CreateUserWithPojo_RandomMailGenerationTest -->
