<?xml version="1.0" encoding="UTF-8"?>
<!-- Generated by org.testng.reporters.JUnitReportReporter -->
<testsuite hostname="DESKTOP-KEGK38M" failures="0" tests="3" name="GetAPIs.A3_UseOfBeforeTest_TestNG" time="28.194" errors="0" timestamp="2024-05-01T12:53:14 IST" skipped="0">
  <testcase classname="GetAPIs.A3_UseOfBeforeTest_TestNG" name="getAPIRequestTest" time="24.384"/>
  <system-out/>
  <testcase classname="GetAPIs.A3_UseOfBeforeTest_TestNG" name="gteUsersWithQueryParamTest" time="1.830"/>
  <system-out/>
  <testcase classname="GetAPIs.A3_UseOfBeforeTest_TestNG" name="gteUsersWithQueryParam_WithHashMapTest" time="1.980"/>
  <system-out/>
</testsuite> <!-- GetAPIs.A3_UseOfBeforeTest_TestNG -->
