<?xml version="1.0" encoding="UTF-8"?>
<!-- Generated by org.testng.reporters.JUnitReportReporter -->
<testsuite hostname="DESKTOP-KEGK38M" failures="0" tests="1" name="RA_07_MultiBody.G4_BodyWithTextTest" time="3.538" errors="0" timestamp="2024-05-12T11:28:04 IST" skipped="0">
  <testcase classname="RA_07_MultiBody.G4_BodyWithTextTest" name="bodyWithText" time="3.538"/>
  <system-out/>
</testsuite> <!-- RA_07_MultiBody.G4_BodyWithTextTest -->
