<?xml version="1.0" encoding="UTF-8"?>
<!-- Generated by org.testng.reporters.JUnitReportReporter -->
<testsuite hostname="DESKTOP-KEGK38M" failures="0" tests="2" name="RA_06A_com.gorest.in.api.F1_UserTest" time="14.285" errors="0" timestamp="2024-05-18T12:40:12 IST" skipped="1">
  <testcase classname="RA_06A_com.gorest.in.api.F1_UserTest" name="getProduct_WithLobokPojoTest_WithoutBuilder" time="14.285"/>
  <system-out/>
  <testcase classname="RA_06A_com.gorest.in.api.F1_UserTest" name="getProduct_WithLobokPojoTest_WithBuilder">
    <skipped/>
  </testcase> <!-- getProduct_WithLobokPojoTest_WithBuilder -->
  <system-out/>
</testsuite> <!-- RA_06A_com.gorest.in.api.F1_UserTest -->
