<?xml version="1.0" encoding="UTF-8"?>
<!-- Generated by org.testng.reporters.JUnitReportReporter -->
<testsuite hostname="DESKTOP-KEGK38M" failures="0" tests="1" name="RA_08B_AuthAPIs.H2_JWT_TokenTest" time="6.073" errors="0" timestamp="2024-05-12T20:10:59 IST" skipped="0">
  <testcase classname="RA_08B_AuthAPIs.H2_JWT_TokenTest" name="jwtAuthWithJsonBodyTest" time="6.073"/>
  <system-out/>
</testsuite> <!-- RA_08B_AuthAPIs.H2_JWT_TokenTest -->
