<?xml version="1.0" encoding="UTF-8"?>
<!-- Generated by org.testng.reporters.JUnitReportReporter -->
<testsuite hostname="DESKTOP-KEGK38M" failures="0" tests="1" name="RA_03_ConceptOfSpecification.RequestResponseSpecCombination" time="4.978" errors="0" timestamp="2024-05-05T18:16:07 IST" skipped="0">
  <testcase classname="RA_03_ConceptOfSpecification.RequestResponseSpecCombination" name="reqResSpecTest" time="4.978"/>
  <system-out/>
</testsuite> <!-- RA_03_ConceptOfSpecification.RequestResponseSpecCombination -->
