<?xml version="1.0" encoding="UTF-8"?>
<!-- Generated by org.testng.reporters.JUnitReportReporter -->
<testsuite hostname="DESKTOP-KEGK38M" failures="0" tests="1" name="RA_08B_AuthAPIs.H3_BasicAuthTest" time="5.513" errors="0" timestamp="2024-05-12T19:14:35 IST" skipped="0">
  <testcase classname="RA_08B_AuthAPIs.H3_BasicAuthTest" name="basicAuthTest" time="5.513"/>
  <system-out/>
</testsuite> <!-- RA_08B_AuthAPIs.H3_BasicAuthTest -->
