<?xml version="1.0" encoding="UTF-8"?>
<!-- Generated by org.testng.reporters.JUnitReportReporter -->
<testsuite hostname="DESKTOP-KEGK38M" failures="0" tests="1" name="RA_07_MultiBody.G7_BodyWithXMLTest" time="3.399" errors="0" timestamp="2024-05-12T11:42:45 IST" skipped="0">
  <testcase classname="RA_07_MultiBody.G7_BodyWithXMLTest" name="bodyWithText" time="3.399"/>
  <system-out/>
</testsuite> <!-- RA_07_MultiBody.G7_BodyWithXMLTest -->
