<?xml version="1.0" encoding="UTF-8"?>
<!-- Generated by org.testng.reporters.JUnitReportReporter -->
<testsuite hostname="DESKTOP-KEGK38M" failures="0" tests="1" name="GetAPIs.B8_F1DataAPI_withPathParam" time="6.875" errors="0" timestamp="2024-05-04T10:42:40 IST" skipped="0">
  <testcase classname="GetAPIs.B8_F1DataAPI_withPathParam" name="getProductDataAPIWithQueryParamTest" time="6.875"/>
  <system-out/>
</testsuite> <!-- GetAPIs.B8_F1DataAPI_withPathParam -->
