<?xml version="1.0" encoding="UTF-8"?>
<!-- Generated by org.testng.reporters.JUnitReportReporter -->
<testsuite hostname="DESKTOP-KEGK38M" failures="0" tests="1" name="RA_07_PutAPIs.G1_UpdateUserTest" time="8.912" errors="0" timestamp="2024-05-11T19:18:21 IST" skipped="0">
  <testcase classname="RA_07_PutAPIs.G1_UpdateUserTest" name="updateUserTest" time="8.912"/>
  <system-out/>
</testsuite> <!-- RA_07_PutAPIs.G1_UpdateUserTest -->
