<?xml version="1.0" encoding="UTF-8"?>
<!-- Generated by org.testng.reporters.JUnitReportReporter -->
<testsuite hostname="DESKTOP-KEGK38M" failures="0" tests="3" name="GetAPIs.B4_ProductDataAPI_ExtractBody_Array_FloatIssue" time="5.637" errors="0" timestamp="2024-05-01T20:24:36 IST" skipped="2">
  <testcase classname="GetAPIs.B4_ProductDataAPI_ExtractBody_Array_FloatIssue" name="getProductDataAPI_WIthExtractBodyTest2" time="5.637"/>
  <system-out/>
  <testcase classname="GetAPIs.B4_ProductDataAPI_ExtractBody_Array_FloatIssue" name="getProductDataAPI_WIthExtractBodyTest">
    <skipped/>
  </testcase> <!-- getProductDataAPI_WIthExtractBodyTest -->
  <system-out/>
  <testcase classname="GetAPIs.B4_ProductDataAPI_ExtractBody_Array_FloatIssue" name="getProductDataAPI_WIthExtractBodyTest3">
    <skipped/>
  </testcase> <!-- getProductDataAPI_WIthExtractBodyTest3 -->
  <system-out/>
</testsuite> <!-- GetAPIs.B4_ProductDataAPI_ExtractBody_Array_FloatIssue -->
