<?xml version="1.0" encoding="UTF-8"?>
<!-- Generated by org.testng.reporters.JUnitReportReporter -->
<testsuite hostname="DESKTOP-KEGK38M" failures="0" tests="1" name="RA_03_PostAPIs.C3_BookingAuthTest" time="6.634" errors="0" timestamp="2024-05-04T18:45:44 IST" skipped="0">
  <testcase classname="RA_03_PostAPIs.C3_BookingAuthTest" name="getBookingAuthTest" time="6.634"/>
  <system-out/>
</testsuite> <!-- RA_03_PostAPIs.C3_BookingAuthTest -->
