<?xml version="1.0" encoding="UTF-8"?>
<!-- Generated by org.testng.reporters.JUnitReportReporter -->
<testsuite hostname="DESKTOP-KEGK38M" failures="0" tests="2" name="RA_03_SpecificationConcept.C1_RequestSpecBuilderTest" time="6.304" errors="0" timestamp="2024-05-04T17:47:18 IST" skipped="0">
  <testcase classname="RA_03_SpecificationConcept.C1_RequestSpecBuilderTest" name="getUserData_WithRequestSpec2" time="1.175"/>
  <system-out/>
  <testcase classname="RA_03_SpecificationConcept.C1_RequestSpecBuilderTest" name="getUserData_WithRequestSpec" time="5.129"/>
  <system-out/>
</testsuite> <!-- RA_03_SpecificationConcept.C1_RequestSpecBuilderTest -->
