<?xml version="1.0" encoding="UTF-8"?>
<!-- Generated by org.testng.reporters.JUnitReportReporter -->
<testsuite hostname="DESKTOP-KEGK38M" failures="0" tests="1" name="RA_07_DeleteAPIs.G2_DeleteUserTest" time="8.787" errors="0" timestamp="2024-05-11T19:46:22 IST" skipped="0">
  <testcase classname="RA_07_DeleteAPIs.G2_DeleteUserTest" name="deleteUserTest" time="8.787"/>
  <system-out/>
</testsuite> <!-- RA_07_DeleteAPIs.G2_DeleteUserTest -->
