<?xml version="1.0" encoding="UTF-8"?>
<!-- Generated by org.testng.reporters.JUnitReportReporter -->
<testsuite hostname="DESKTOP-KEGK38M" failures="0" tests="1" name="GraphQL.RickAndMortinAPI" time="6.302" errors="0" timestamp="2024-06-02T12:03:58 IST" skipped="0">
  <testcase classname="GraphQL.RickAndMortinAPI" name="testGraphQLAPI" time="6.302"/>
  <system-out/>
</testsuite> <!-- GraphQL.RickAndMortinAPI -->
