<?xml version="1.0" encoding="UTF-8"?>
<!-- Generated by org.testng.reporters.JUnitReportReporter -->
<testsuite hostname="DESKTOP-KEGK38M" failures="0" tests="1" name="RA_05_com.fakestore.api.E3_ProductAPIPojo_WithLombokTest" time="7.221" errors="0" timestamp="2024-05-11T13:25:41 IST" skipped="0">
  <testcase classname="RA_05_com.fakestore.api.E3_ProductAPIPojo_WithLombokTest" name="getProduct_WithLobokPojoTest" time="7.221"/>
  <system-out/>
</testsuite> <!-- RA_05_com.fakestore.api.E3_ProductAPIPojo_WithLombokTest -->
