<?xml version="1.0" encoding="UTF-8"?>
<!-- Generated by org.testng.reporters.JUnitReportReporter -->
<testsuite hostname="DESKTOP-KEGK38M" failures="0" tests="1" name="GetAPIs.A5_GetAPI_AssertBody_BDD" time="7.529" errors="0" timestamp="2024-05-01T13:59:08 IST" skipped="0">
  <testcase classname="GetAPIs.A5_GetAPI_AssertBody_BDD" name="getProducts_WithLogsTest" time="7.529"/>
  <system-out/>
</testsuite> <!-- GetAPIs.A5_GetAPI_AssertBody_BDD -->
