<?xml version="1.0" encoding="UTF-8"?>
<!-- Generated by org.testng.reporters.JUnitReportReporter -->
<testsuite hostname="DESKTOP-KEGK38M" failures="0" tests="1" name="RA_07_MultiBody.G8_BodyWithMultipartFomrDataTest" time="4.767" errors="0" timestamp="2024-05-12T11:58:26 IST" skipped="0">
  <testcase classname="RA_07_MultiBody.G8_BodyWithMultipartFomrDataTest" name="bodyWithText" time="4.767"/>
  <system-out/>
</testsuite> <!-- RA_07_MultiBody.G8_BodyWithMultipartFomrDataTest -->
