<?xml version="1.0" encoding="UTF-8"?>
<!-- Generated by org.testng.reporters.JUnitReportReporter -->
<testsuite hostname="DESKTOP-KEGK38M" failures="0" tests="4" name="GetAPIs.B8_F1DataAPI_withPathParam_DataProvider" time="10.696" errors="0" timestamp="2024-05-04T10:58:21 IST" skipped="0">
  <testcase classname="GetAPIs.B8_F1DataAPI_withPathParam_DataProvider" name="getProductDataAPIWithQueryParamTest" time="1.341"/>
  <system-out/>
  <testcase classname="GetAPIs.B8_F1DataAPI_withPathParam_DataProvider" name="getProductDataAPIWithQueryParamTest" time="1.900"/>
  <system-out/>
  <testcase classname="GetAPIs.B8_F1DataAPI_withPathParam_DataProvider" name="getProductDataAPIWithQueryParamTest" time="6.187"/>
  <system-out/>
  <testcase classname="GetAPIs.B8_F1DataAPI_withPathParam_DataProvider" name="getProductDataAPIWithQueryParamTest" time="1.268"/>
  <system-out/>
</testsuite> <!-- GetAPIs.B8_F1DataAPI_withPathParam_DataProvider -->
