<?xml version="1.0" encoding="UTF-8"?>
<!-- Generated by org.testng.reporters.JUnitReportReporter -->
<testsuite hostname="DESKTOP-KEGK38M" failures="0" tests="1" name="RA_08A_XML_APIs.H1_GetCircuitsXMLTest" time="6.123" errors="0" timestamp="2024-05-12T18:35:45 IST" skipped="0">
  <testcase classname="RA_08A_XML_APIs.H1_GetCircuitsXMLTest" name="getXMLResponseTest" time="6.123"/>
  <system-out/>
</testsuite> <!-- RA_08A_XML_APIs.H1_GetCircuitsXMLTest -->
