<?xml version="1.0" encoding="UTF-8"?>
<!-- Generated by org.testng.reporters.JUnitReportReporter -->
<testsuite hostname="DESKTOP-KEGK38M" failures="0" tests="2" name="RA_03_PostAPIs.C5_Post_Get_BookingAuthTest" time="28.506" errors="0" timestamp="2024-05-05T10:54:08 IST" skipped="1">
  <testcase classname="RA_03_PostAPIs.C5_Post_Get_BookingAuthTest" name="addUserTest" time="28.506"/>
  <system-out/>
  <testcase classname="RA_03_PostAPIs.C5_Post_Get_BookingAuthTest" name="getUserTest">
    <skipped/>
  </testcase> <!-- getUserTest -->
  <system-out/>
</testsuite> <!-- RA_03_PostAPIs.C5_Post_Get_BookingAuthTest -->
