<?xml version="1.0" encoding="UTF-8"?>
<!-- Generated by org.testng.reporters.JUnitReportReporter -->
<testsuite hostname="DESKTOP-KEGK38M" failures="0" tests="1" name="RA_03_PostAPIs.C4_Post_BookingAuth_Approach2Test" time="6.518" errors="0" timestamp="2024-05-04T19:10:27 IST" skipped="0">
  <testcase classname="RA_03_PostAPIs.C4_Post_BookingAuth_Approach2Test" name="getBookingAuthTest" time="6.518"/>
  <system-out/>
</testsuite> <!-- RA_03_PostAPIs.C4_Post_BookingAuth_Approach2Test -->
