<?xml version="1.0" encoding="UTF-8"?>
<!-- Generated by org.testng.reporters.JUnitReportReporter -->
<testsuite hostname="DESKTOP-KEGK38M" failures="0" tests="1" name="RA_03_04_PostAPIs.D1_Post_BookingAuth_WithPojoTest" time="9.424" errors="0" timestamp="2024-05-05T19:00:26 IST" skipped="0">
  <testcase classname="RA_03_04_PostAPIs.D1_Post_BookingAuth_WithPojoTest" name="postBookingAuth_WithPojoTest" time="9.424"/>
  <system-out/>
</testsuite> <!-- RA_03_04_PostAPIs.D1_Post_BookingAuth_WithPojoTest -->
