<?xml version="1.0" encoding="UTF-8"?>
<!-- Generated by org.testng.reporters.JUnitReportReporter -->
<testsuite hostname="DESKTOP-KEGK38M" failures="0" tests="2" name="RA_03A_ConceptOfSpecification.C1_RequestSpecBuilderTest" time="13.977" errors="0" timestamp="2024-05-18T10:02:16 IST" skipped="0">
  <testcase classname="RA_03A_ConceptOfSpecification.C1_RequestSpecBuilderTest" name="getUserData_WithRequestSpec2" time="0.840"/>
  <system-out/>
  <testcase classname="RA_03A_ConceptOfSpecification.C1_RequestSpecBuilderTest" name="getUserData_WithRequestSpec" time="13.137"/>
  <system-out/>
</testsuite> <!-- RA_03A_ConceptOfSpecification.C1_RequestSpecBuilderTest -->
