<?xml version="1.0" encoding="UTF-8"?>
<!-- Generated by org.testng.reporters.JUnitReportReporter -->
<testsuite hostname="DESKTOP-KEGK38M" failures="0" tests="1" name="GetAPIs.B5_USerDataAPI_ExtractBody_SingleJson" time="6.901" errors="0" timestamp="2024-05-01T20:46:47 IST" skipped="0">
  <testcase classname="GetAPIs.B5_USerDataAPI_ExtractBody_SingleJson" name="getProductDataAPI_WIthExtractBodyTest3" time="6.901"/>
  <system-out/>
</testsuite> <!-- GetAPIs.B5_USerDataAPI_ExtractBody_SingleJson -->
