<?xml version="1.0" encoding="UTF-8"?>
<!-- Generated by org.testng.reporters.JUnitReportReporter -->
<testsuite hostname="DESKTOP-KEGK38M" failures="0" tests="1" name="GetAPIs.B3_ProductDataAPI_ExtractBody_Array" time="5.770" errors="0" timestamp="2024-05-01T20:13:10 IST" skipped="0">
  <testcase classname="GetAPIs.B3_ProductDataAPI_ExtractBody_Array" name="getProductDataAPI_WIthExtractBodyTest" time="5.770"/>
  <system-out/>
</testsuite> <!-- GetAPIs.B3_ProductDataAPI_ExtractBody_Array -->
