<?xml version="1.0" encoding="UTF-8"?>
<!-- Generated by org.testng.reporters.JUnitReportReporter -->
<testsuite hostname="DESKTOP-KEGK38M" failures="0" tests="1" name="GetAPIs.GetAPIRequestTest" time="4.668" errors="0" timestamp="2024-05-01T11:59:31 IST" skipped="0">
  <testcase classname="GetAPIs.GetAPIRequestTest" name="getAPIRequestTest" time="4.668"/>
  <system-out/>
</testsuite> <!-- GetAPIs.GetAPIRequestTest -->
