<?xml version="1.0" encoding="UTF-8"?>
<!-- Generated by org.testng.reporters.JUnitReportReporter -->
<testsuite hostname="DESKTOP-KEGK38M" failures="0" tests="4" name="RA_07_MultiBody.G9_BodyWithBinaryTest" time="3.843" errors="0" timestamp="2024-05-12T12:28:18 IST" skipped="3">
  <testcase classname="RA_07_MultiBody.G9_BodyWithBinaryTest" name="bodyWithBinaryExcelTest" time="3.843"/>
  <system-out/>
  <testcase classname="RA_07_MultiBody.G9_BodyWithBinaryTest" name="bodyWithBinaryTextTest">
    <skipped/>
  </testcase> <!-- bodyWithBinaryTextTest -->
  <system-out/>
  <testcase classname="RA_07_MultiBody.G9_BodyWithBinaryTest" name="bodyWithBinaryPNGTest">
    <skipped/>
  </testcase> <!-- bodyWithBinaryPNGTest -->
  <system-out/>
  <testcase classname="RA_07_MultiBody.G9_BodyWithBinaryTest" name="bodyWithBinaryPDFTest">
    <skipped/>
  </testcase> <!-- bodyWithBinaryPDFTest -->
  <system-out/>
</testsuite> <!-- RA_07_MultiBody.G9_BodyWithBinaryTest -->
