<?xml version="1.0" encoding="UTF-8"?>
<!-- Generated by org.testng.reporters.JUnitReportReporter -->
<testsuite hostname="DESKTOP-KEGK38M" failures="0" tests="1" name="GetAPIs.B1_GetAPIProductDataWithQueryParamTest" time="5.615" errors="0" timestamp="2024-05-01T19:07:27 IST" skipped="0">
  <testcase classname="GetAPIs.B1_GetAPIProductDataWithQueryParamTest" name="getProductDataAPIWithQueryParamTest" time="5.615"/>
  <system-out/>
</testsuite> <!-- GetAPIs.B1_GetAPIProductDataWithQueryParamTest -->
