<?xml version="1.0" encoding="UTF-8"?>
<!-- Generated by org.testng.reporters.JUnitReportReporter -->
<testsuite hostname="DESKTOP-KEGK38M" failures="0" tests="2" name="RA_06_com.pet.api.F2_CreatePetTest" time="6.617" errors="0" timestamp="2024-05-11T18:00:47 IST" skipped="1">
  <testcase classname="RA_06_com.pet.api.F2_CreatePetTest" name="petLombokTest_WithBuilder" time="6.617"/>
  <system-out/>
  <testcase classname="RA_06_com.pet.api.F2_CreatePetTest" name="petLombokTest_WithoutBuilder">
    <skipped/>
  </testcase> <!-- petLombokTest_WithoutBuilder -->
  <system-out/>
</testsuite> <!-- RA_06_com.pet.api.F2_CreatePetTest -->
