<?xml version="1.0" encoding="UTF-8"?>
<!-- Generated by org.testng.reporters.JUnitReportReporter -->
<testsuite hostname="DESKTOP-KEGK38M" failures="0" tests="4" name="RA_01A_02_GetAPIs.B9_F1DataAPI_withPathParam_DataProvider" time="27.585" errors="0" timestamp="2024-05-26T12:06:25 IST" skipped="0">
  <testcase classname="RA_01A_02_GetAPIs.B9_F1DataAPI_withPathParam_DataProvider" name="getProductDataAPIWithQueryParamTest" time="22.699"/>
  <system-out/>
  <testcase classname="RA_01A_02_GetAPIs.B9_F1DataAPI_withPathParam_DataProvider" name="getProductDataAPIWithQueryParamTest" time="1.732"/>
  <system-out/>
  <testcase classname="RA_01A_02_GetAPIs.B9_F1DataAPI_withPathParam_DataProvider" name="getProductDataAPIWithQueryParamTest" time="1.700"/>
  <system-out/>
  <testcase classname="RA_01A_02_GetAPIs.B9_F1DataAPI_withPathParam_DataProvider" name="getProductDataAPIWithQueryParamTest" time="1.454"/>
  <system-out/>
</testsuite> <!-- RA_01A_02_GetAPIs.B9_F1DataAPI_withPathParam_DataProvider -->
