<?xml version="1.0" encoding="UTF-8"?>
<!-- Generated by org.testng.reporters.JUnitReportReporter -->
<testsuite hostname="DESKTOP-KEGK38M" failures="0" tests="2" name="GetAPIs.R1A2_GetUsersWithQueryParameterTest" time="6.779" errors="0" timestamp="2024-05-01T12:44:46 IST" skipped="0">
  <testcase classname="GetAPIs.R1A2_GetUsersWithQueryParameterTest" name="gteUsersWithQueryParam_WithHashMapTest" time="1.078"/>
  <system-out/>
  <testcase classname="GetAPIs.R1A2_GetUsersWithQueryParameterTest" name="gteUsersWithQueryParamTest" time="5.701"/>
  <system-out/>
</testsuite> <!-- GetAPIs.R1A2_GetUsersWithQueryParameterTest -->
