<?xml version="1.0" encoding="UTF-8"?>
<!-- Generated by org.testng.reporters.JUnitReportReporter -->
<testsuite hostname="DESKTOP-KEGK38M" failures="0" tests="1" name="RA_07_MultiBody.G6_BodyWithHTMLTest" time="4.292" errors="0" timestamp="2024-05-12T11:39:10 IST" skipped="0">
  <testcase classname="RA_07_MultiBody.G6_BodyWithHTMLTest" name="bodyWithText" time="4.292"/>
  <system-out/>
</testsuite> <!-- RA_07_MultiBody.G6_BodyWithHTMLTest -->
