<?xml version="1.0" encoding="UTF-8"?>
<!-- Generated by org.testng.reporters.JUnitReportReporter -->
<testsuite hostname="DESKTOP-KEGK38M" failures="0" tests="2" name="GetAPIs.B7_UserDataApi_ExtractBody_SingleJson_Response" time="15.046" errors="0" timestamp="2024-05-01T21:14:32 IST" skipped="0">
  <testcase classname="GetAPIs.B7_UserDataApi_ExtractBody_SingleJson_Response" name="getProductDataAPI_WIthExtractBodyTest2" time="8.890"/>
  <system-out/>
  <testcase classname="GetAPIs.B7_UserDataApi_ExtractBody_SingleJson_Response" name="getProductDataAPI_WIthExtractBodyTest1" time="6.156"/>
  <system-out/>
</testsuite> <!-- GetAPIs.B7_UserDataApi_ExtractBody_SingleJson_Response -->
