<?xml version="1.0" encoding="UTF-8"?>
<!-- Generated by org.testng.reporters.JUnitReportReporter -->
<testsuite hostname="DESKTOP-KEGK38M" failures="0" tests="2" name="GetAPIs.A4_GetAPI_BDD" time="5.373" errors="0" timestamp="2024-05-01T21:17:54 IST" skipped="0">
  <testcase classname="GetAPIs.A4_GetAPI_BDD" name="getProductsTest" time="4.294"/>
  <system-out/>
  <testcase classname="GetAPIs.A4_GetAPI_BDD" name="getProducts_WithLogsTest" time="1.079"/>
  <system-out/>
</testsuite> <!-- GetAPIs.A4_GetAPI_BDD -->
