<?xml version="1.0" encoding="UTF-8"?>
<!-- Generated by org.testng.reporters.JUnitReportReporter -->
<testsuite hostname="DESKTOP-KEGK38M" failures="0" tests="1" name="RA_05_com.product.api.E3_ProductAPITest" time="5.439" errors="0" timestamp="2024-05-10T19:38:07 IST" skipped="0">
  <testcase classname="RA_05_com.product.api.E3_ProductAPITest" name="getProductTest" time="5.439"/>
  <system-out/>
</testsuite> <!-- RA_05_com.product.api.E3_ProductAPITest -->
