<?xml version="1.0" encoding="UTF-8"?>
<!-- Generated by org.testng.reporters.JUnitReportReporter -->
<testsuite hostname="DESKTOP-KEGK38M" failures="0" tests="2" name="GetAPIs.A2_GetUsersWithQueryParameterTest_NonBDD" time="6.073" errors="0" timestamp="2024-05-01T19:02:00 IST" skipped="0">
  <testcase classname="GetAPIs.A2_GetUsersWithQueryParameterTest_NonBDD" name="gteUsersWithQueryParamTest" time="4.950"/>
  <system-out/>
  <testcase classname="GetAPIs.A2_GetUsersWithQueryParameterTest_NonBDD" name="gteUsersWithQueryParam_WithHashMapTest" time="1.123"/>
  <system-out/>
</testsuite> <!-- GetAPIs.A2_GetUsersWithQueryParameterTest_NonBDD -->
