<?xml version="1.0" encoding="UTF-8"?>
<!-- Generated by org.testng.reporters.JUnitReportReporter -->
<testsuite hostname="DESKTOP-KEGK38M" failures="0" tests="1" name="RA_07_MultiBody.G5_BodyWithJavaScriptTest" time="4.192" errors="0" timestamp="2024-05-12T11:32:04 IST" skipped="0">
  <testcase classname="RA_07_MultiBody.G5_BodyWithJavaScriptTest" name="bodyWithText" time="4.192"/>
  <system-out/>
</testsuite> <!-- RA_07_MultiBody.G5_BodyWithJavaScriptTest -->
