<?xml version="1.0" encoding="UTF-8"?>
<!-- Generated by org.testng.reporters.JUnitReportReporter -->
<testsuite hostname="DESKTOP-KEGK38M" failures="0" tests="2" name="RA_05_JsonPathValidator.D1_JsonPathTest" time="4.735" errors="0" timestamp="2024-05-10T18:26:17 IST" skipped="1">
  <testcase classname="RA_05_JsonPathValidator.D1_JsonPathTest" name="getProductsTest" time="4.735"/>
  <system-out/>
  <testcase classname="RA_05_JsonPathValidator.D1_JsonPathTest" name="getCircuitsDataAPIWith_YearTest">
    <skipped/>
  </testcase> <!-- getCircuitsDataAPIWith_YearTest -->
  <system-out/>
</testsuite> <!-- RA_05_JsonPathValidator.D1_JsonPathTest -->
