<?xml version="1.0" encoding="UTF-8"?>
<!-- Generated by org.testng.reporters.JUnitReportReporter -->
<testsuite hostname="DESKTOP-KEGK38M" failures="0" tests="1" name="GetAPIs.B2_ProductsDataAPI_ExtractBody" time="6.292" errors="0" timestamp="2024-05-01T19:31:32 IST" skipped="0">
  <testcase classname="GetAPIs.B2_ProductsDataAPI_ExtractBody" name="getProductDataAPI_WIthExtractBodyTest" time="6.292"/>
  <system-out/>
</testsuite> <!-- GetAPIs.B2_ProductsDataAPI_ExtractBody -->
