<?xml version="1.0" encoding="UTF-8"?>
<!-- Generated by org.testng.reporters.JUnitReportReporter -->
<testsuite hostname="DESKTOP-KEGK38M" failures="0" tests="1" name="com.gorest.in.POST_07_MultiBody_Text" time="5.869" errors="0" timestamp="2024-08-16T12:05:02 IST" skipped="0">
  <testcase classname="com.gorest.in.POST_07_MultiBody_Text" name="bodyWithText" time="5.869"/>
  <system-out/>
</testsuite> <!-- com.gorest.in.POST_07_MultiBody_Text -->
