<?xml version="1.0" encoding="UTF-8"?>
<!-- Generated by org.testng.reporters.JUnitReportReporter -->
<testsuite hostname="DESKTOP-KEGK38M" failures="0" tests="1" name="_Playwright._Playwright.Post03_CreateUser_UsingFile" time="1.843" errors="0" timestamp="2024-11-02T19:06:27 IST" skipped="0">
  <testcase classname="_Playwright._Playwright.Post03_CreateUser_UsingFile" name="createUser_StringBody" time="1.843"/>
  <system-out/>
</testsuite> <!-- _Playwright._Playwright.Post03_CreateUser_UsingFile -->
