<?xml version="1.0" encoding="UTF-8"?>
<!-- Generated by org.testng.reporters.JUnitReportReporter -->
<testsuite hostname="DESKTOP-KEGK38M" failures="0" tests="1" name="_Playwright._Playwright.Post04_CreateUserUsingPojo" time="3.190" errors="0" timestamp="2024-11-02T19:45:20 IST" skipped="0">
  <testcase classname="_Playwright._Playwright.Post04_CreateUserUsingPojo" name="createUser_StringBody" time="3.190"/>
  <system-out/>
</testsuite> <!-- _Playwright._Playwright.Post04_CreateUserUsingPojo -->
