<?xml version="1.0" encoding="UTF-8"?>
<!-- Generated by org.testng.reporters.JUnitReportReporter -->
<testsuite hostname="DESKTOP-KEGK38M" failures="0" tests="1" name="_Playwright._Playwright.Get03_DisposeFunction" time="1.668" errors="0" timestamp="2024-10-27T18:16:51 IST" skipped="0">
  <testcase classname="_Playwright._Playwright.Get03_DisposeFunction" name="disposeAPIResponseTest" time="1.668"/>
  <system-out/>
</testsuite> <!-- _Playwright._Playwright.Get03_DisposeFunction -->
