<?xml version="1.0" encoding="UTF-8"?>
<!-- Generated by org.testng.reporters.JUnitReportReporter -->
<testsuite hostname="DESKTOP-KEGK38M" failures="0" tests="1" name="_Playwright._Playwright.Get04_FetchResposneHeaders" time="2.391" errors="0" timestamp="2024-10-27T18:30:10 IST" skipped="0">
  <testcase classname="_Playwright._Playwright.Get04_FetchResposneHeaders" name="fetchResponseHeaders" time="2.391"/>
  <system-out/>
</testsuite> <!-- _Playwright._Playwright.Get04_FetchResposneHeaders -->
