<?xml version="1.0" encoding="UTF-8"?>
<!-- Generated by org.testng.reporters.JUnitReportReporter -->
<testsuite hostname="DESKTOP-KEGK38M" failures="0" tests="1" name="_Playwright._Playwright.Put01_UpdateTheUser" time="2.873" errors="0" timestamp="2024-11-07T21:01:06 IST" skipped="0">
  <testcase classname="_Playwright._Playwright.Put01_UpdateTheUser" name="createUser_StringBody" time="2.873"/>
  <system-out/>
</testsuite> <!-- _Playwright._Playwright.Put01_UpdateTheUser -->
