<?xml version="1.0" encoding="UTF-8"?>
<!-- Generated by org.testng.reporters.JUnitReportReporter -->
<testsuite hostname="DESKTOP-KEGK38M" failures="0" tests="1" name="_Playwright._Playwright.Get01_GetAllUsers" time="15.719" errors="0" timestamp="2024-10-27T11:16:42 IST" skipped="0">
  <testcase classname="_Playwright._Playwright.Get01_GetAllUsers" name="getAllUSerTest" time="15.719"/>
  <system-out/>
</testsuite> <!-- _Playwright._Playwright.Get01_GetAllUsers -->
