<?xml version="1.0" encoding="UTF-8"?>
<!-- Generated by org.testng.reporters.JUnitReportReporter -->
<testsuite hostname="DESKTOP-KEGK38M" failures="0" tests="3" name="com.qa.gorest.tests.POST_01_CreateUserTest" time="17.667" errors="0" timestamp="2024-05-26T13:07:04 IST" skipped="0">
  <testcase classname="com.qa.gorest.tests.POST_01_CreateUserTest" name="createUserTest" time="2.574"/>
  <system-out/>
  <testcase classname="com.qa.gorest.tests.POST_01_CreateUserTest" name="createUserTest" time="2.872"/>
  <system-out/>
  <testcase classname="com.qa.gorest.tests.POST_01_CreateUserTest" name="createUserTest" time="12.221"/>
  <system-out/>
</testsuite> <!-- com.qa.gorest.tests.POST_01_CreateUserTest -->
