<?xml version="1.0" encoding="UTF-8"?>
<!-- Generated by org.testng.reporters.JUnitReportReporter -->
<testsuite hostname="DESKTOP-KEGK38M" failures="0" tests="1" name="com.qa.gorest.tests.GET_03_UserWithQueryParamTest" time="5.465" errors="0" timestamp="2024-05-19T11:54:42 IST" skipped="0">
  <testcase classname="com.qa.gorest.tests.GET_03_UserWithQueryParamTest" name="getAlluserTest" time="5.465"/>
  <system-out/>
</testsuite> <!-- com.qa.gorest.tests.GET_03_UserWithQueryParamTest -->
