<?xml version="1.0" encoding="UTF-8"?>
<!-- Generated by org.testng.reporters.JUnitReportReporter -->
<testsuite hostname="DESKTOP-KEGK38M" failures="0" tests="1" name="com.qa.gorest.tests.GET_04_GetCircuits" time="1.380" errors="0" timestamp="2024-05-19T20:38:05 IST" skipped="0">
  <testcase classname="com.qa.gorest.tests.GET_04_GetCircuits" name="getAlluserTest" time="1.380"/>
  <system-out/>
</testsuite> <!-- com.qa.gorest.tests.GET_04_GetCircuits -->
