<?xml version="1.0" encoding="UTF-8"?>
<!-- Generated by org.testng.reporters.JUnitReportReporter -->
<testsuite hostname="DESKTOP-KEGK38M" failures="0" tests="2" name="com.gorest.in.GET_05_User_PathParam_DataProvider_DataDrivenTesting" time="12.447" errors="0" timestamp="13 May 2024 14:44:10 GMT" skipped="0">
  <testcase classname="com.gorest.in.GET_05_User_PathParam_DataProvider_DataDrivenTesting" name="getUsersWithPathPara_DataProviderTest" time="1.040"/>
  <testcase classname="com.gorest.in.GET_05_User_PathParam_DataProvider_DataDrivenTesting" name="getUsersWithPathPara_DataProviderTest" time="11.407"/>
</testsuite> <!-- com.gorest.in.GET_05_User_PathParam_DataProvider_DataDrivenTesting -->
