<?xml version="1.0" encoding="UTF-8"?>
<!-- Generated by org.testng.reporters.JUnitReportReporter -->
<testsuite hostname="DESKTOP-KEGK38M" failures="0" tests="1" name="com.gorest.in.POST_GET_04_PostBody_PojoTest" time="16.194" errors="0" timestamp="2024-05-18T11:36:29 IST" skipped="0">
  <testcase classname="com.gorest.in.POST_GET_04_PostBody_PojoTest" name="getUserDetails" time="16.194"/>
  <system-out/>
</testsuite> <!-- com.gorest.in.POST_GET_04_PostBody_PojoTest -->
