<?xml version="1.0" encoding="UTF-8"?>
<!-- Generated by org.testng.reporters.JUnitReportReporter -->
<testsuite hostname="DESKTOP-KEGK38M" failures="0" tests="1" name="com.gorest.in.SpecBuilder_01_RequestSpec" time="11.638" errors="0" timestamp="2024-05-18T10:11:15 IST" skipped="0">
  <testcase classname="com.gorest.in.SpecBuilder_01_RequestSpec" name="getUserDetailsWithReqSpec" time="11.638"/>
  <system-out/>
</testsuite> <!-- com.gorest.in.SpecBuilder_01_RequestSpec -->
