<?xml version="1.0" encoding="UTF-8"?>
<!-- Generated by org.testng.reporters.JUnitReportReporter -->
<testsuite hostname="DESKTOP-KEGK38M" failures="0" tests="1" name="com.gorest.in.GET8_ValidateBodyWithJsonPath_SingleJson" time="32.797" errors="0" timestamp="13 May 2024 13:54:05 GMT" skipped="0">
  <testcase classname="com.gorest.in.GET8_ValidateBodyWithJsonPath_SingleJson" name="getUSerWithQueryParamTest" time="32.797"/>
</testsuite> <!-- com.gorest.in.GET8_ValidateBodyWithJsonPath_SingleJson -->
