<?xml version="1.0" encoding="UTF-8"?>
<!-- Generated by org.testng.reporters.JUnitReportReporter -->
<testsuite hostname="DESKTOP-KEGK38M" failures="0" tests="1" name="com.gorest.in.GET_UserWithQueryParam" time="10.684" errors="0" timestamp="13 May 2024 12:19:42 GMT" skipped="0">
  <testcase classname="com.gorest.in.GET_UserWithQueryParam" name="getUSerWithQueryParamTest" time="10.684"/>
</testsuite> <!-- com.gorest.in.GET_UserWithQueryParam -->
