<?xml version="1.0" encoding="UTF-8"?>
<!-- Generated by org.testng.reporters.JUnitReportReporter -->
<testsuite hostname="DESKTOP-KEGK38M" failures="0" tests="1" name="com.gorest.in.GET_UserWithPathParam" time="19.984" errors="0" timestamp="13 May 2024 12:38:15 GMT" skipped="0">
  <testcase classname="com.gorest.in.GET_UserWithPathParam" name="getUserWithParamTest" time="19.984"/>
</testsuite> <!-- com.gorest.in.GET_UserWithPathParam -->
