<?xml version="1.0" encoding="UTF-8"?>
<!-- Generated by org.testng.reporters.JUnitReportReporter -->
<testsuite hostname="DESKTOP-KEGK38M" failures="0" tests="1" name="com.gorest.in.POST_01_PostBodyHardcoded" time="9.516" errors="0" timestamp="2024-05-18T11:05:14 IST" skipped="0">
  <testcase classname="com.gorest.in.POST_01_PostBodyHardcoded" name="postBodyTest" time="9.516"/>
  <system-out/>
</testsuite> <!-- com.gorest.in.POST_01_PostBodyHardcoded -->
