<?xml version="1.0" encoding="UTF-8"?>
<!-- Generated by org.testng.reporters.JUnitReportReporter -->
<testsuite hostname="DESKTOP-KEGK38M" failures="0" tests="1" name="com.gorest.in.PUT_01_UpdateUser_PojoTest" time="16.954" errors="0" timestamp="2024-05-18T13:04:02 IST" skipped="0">
  <testcase classname="com.gorest.in.PUT_01_UpdateUser_PojoTest" name="updateUserTest" time="16.954"/>
  <system-out/>
</testsuite> <!-- com.gorest.in.PUT_01_UpdateUser_PojoTest -->
