<?xml version="1.0" encoding="UTF-8"?>
<!-- Generated by org.testng.reporters.JUnitReportReporter -->
<testsuite hostname="DESKTOP-KEGK38M" failures="0" tests="1" name="_Playwright._Playwright.Post01_CreateUser" time="2.790" errors="0" timestamp="2024-11-01T11:41:23 IST" skipped="0">
  <testcase classname="_Playwright._Playwright.Post01_CreateUser" name="createUser" time="2.790"/>
  <system-out/>
</testsuite> <!-- _Playwright._Playwright.Post01_CreateUser -->
