<?xml version="1.0" encoding="UTF-8"?>
<!-- Generated by org.testng.reporters.JUnitReportReporter -->
<testsuite hostname="DESKTOP-KEGK38M" failures="0" tests="1" name="_Playwright._Playwright.Post05_CreateUserUsingLombok" time="1.542" errors="0" timestamp="2024-11-02T20:15:42 IST" skipped="0">
  <testcase classname="_Playwright._Playwright.Post05_CreateUserUsingLombok" name="createUser_StringBody" time="1.542"/>
  <system-out/>
</testsuite> <!-- _Playwright._Playwright.Post05_CreateUserUsingLombok -->
