<?xml version="1.0" encoding="UTF-8"?>
<!-- Generated by org.testng.reporters.JUnitReportReporter -->
<testsuite hostname="DESKTOP-KEGK38M" failures="0" tests="1" name="_Playwright._Playwright.Post02_CreateUser_UsingStringBody" time="3.334" errors="0" timestamp="2024-11-02T19:01:47 IST" skipped="0">
  <testcase classname="_Playwright._Playwright.Post02_CreateUser_UsingStringBody" name="createUser_StringBody" time="3.334"/>
  <system-out/>
</testsuite> <!-- _Playwright._Playwright.Post02_CreateUser_UsingStringBody -->
