<?xml version="1.0" encoding="UTF-8"?>
<!-- Generated by org.testng.reporters.JUnitReportReporter -->
<testsuite hostname="DESKTOP-KEGK38M" failures="0" tests="1" name="_Playwright._Playwright.Delete01_DeleteTheUser" time="3.140" errors="0" timestamp="2024-11-07T21:22:00 IST" skipped="0">
  <testcase classname="_Playwright._Playwright.Delete01_DeleteTheUser" name="createUser_StringBody" time="3.140"/>
  <system-out/>
</testsuite> <!-- _Playwright._Playwright.Delete01_DeleteTheUser -->
