<?xml version="1.0" encoding="UTF-8"?>
<!-- Generated by org.testng.reporters.JUnitReportReporter -->
<testsuite hostname="DESKTOP-KEGK38M" failures="0" tests="1" name="com.gorest.in.SpecBuilder_02_ResponseSpec" time="8.766" errors="0" timestamp="2024-05-18T10:19:26 IST" skipped="0">
  <testcase classname="com.gorest.in.SpecBuilder_02_ResponseSpec" name="getUserWithSpecBuilder" time="8.766"/>
  <system-out/>
</testsuite> <!-- com.gorest.in.SpecBuilder_02_ResponseSpec -->
