<?xml version="1.0" encoding="UTF-8"?>
<!-- Generated by org.testng.reporters.JUnitReportReporter -->
<testsuite hostname="DESKTOP-KEGK38M" failures="0" tests="1" name="com.gorest.in.POST_03_PostBody_PojoTest" time="17.915" errors="0" timestamp="2024-05-18T11:22:20 IST" skipped="0">
  <testcase classname="com.gorest.in.POST_03_PostBody_PojoTest" name="postBodyTest" time="17.915"/>
  <system-out/>
</testsuite> <!-- com.gorest.in.POST_03_PostBody_PojoTest -->
