<?xml version="1.0" encoding="UTF-8"?>
<!-- Generated by org.testng.reporters.JUnitReportReporter -->
<testsuite hostname="DESKTOP-KEGK38M" failures="0" tests="1" name="com.gorest.in.GET6_ValidateBodyWithJsonPath" time="13.186" errors="0" timestamp="13 May 2024 13:13:08 GMT" skipped="0">
  <testcase classname="com.gorest.in.GET6_ValidateBodyWithJsonPath" name="getUSerWithQueryParamTest" time="13.186"/>
</testsuite> <!-- com.gorest.in.GET6_ValidateBodyWithJsonPath -->
