<?xml version="1.0" encoding="UTF-8"?>
<!-- Generated by org.testng.reporters.JUnitReportReporter -->
<testsuite hostname="DESKTOP-KEGK38M" failures="0" tests="1" name="com.gorest.in.GET5_ValidateBodyWithHamcrestMatchers" time="13.383" errors="0" timestamp="13 May 2024 12:59:08 GMT" skipped="0">
  <testcase classname="com.gorest.in.GET5_ValidateBodyWithHamcrestMatchers" name="getUSerWithQueryParamTest" time="13.383"/>
</testsuite> <!-- com.gorest.in.GET5_ValidateBodyWithHamcrestMatchers -->
