<?xml version="1.0" encoding="UTF-8"?>
<!-- Generated by org.testng.reporters.JUnitReportReporter -->
<testsuite hostname="DESKTOP-KEGK38M" failures="0" tests="1" name="com.gorest.in.DELETE01_DeletUser_PojoTest" time="15.814" errors="0" timestamp="2024-05-18T13:09:55 IST" skipped="0">
  <testcase classname="com.gorest.in.DELETE01_DeletUser_PojoTest" name="updateUserTest" time="15.814"/>
  <system-out/>
</testsuite> <!-- com.gorest.in.DELETE01_DeletUser_PojoTest -->
