<?xml version="1.0" encoding="UTF-8"?>
<!-- Generated by org.testng.reporters.JUnitReportReporter -->
<testsuite hostname="DESKTOP-KEGK38M" failures="0" tests="1" name="com.gorest.in.GET9_ValidateBodyWithExtractFunction_MultipleElementSingleJson" time="12.845" errors="0" timestamp="13 May 2024 14:20:23 GMT" skipped="0">
  <testcase classname="com.gorest.in.GET9_ValidateBodyWithExtractFunction_MultipleElementSingleJson" name="getProductDataAPI_WIthExtractBodyTest3" time="12.845"/>
</testsuite> <!-- com.gorest.in.GET9_ValidateBodyWithExtractFunction_MultipleElementSingleJson -->
