<?xml version="1.0" encoding="UTF-8"?>
<!-- Generated by org.testng.reporters.JUnitReportReporter -->
<testsuite hostname="DESKTOP-KEGK38M" failures="0" tests="1" name="com.gorest.in.POST_02_PostBodyAsJsonFile" time="11.298" errors="0" timestamp="2024-05-18T11:09:21 IST" skipped="0">
  <testcase classname="com.gorest.in.POST_02_PostBodyAsJsonFile" name="postBodyTest" time="11.298"/>
  <system-out/>
</testsuite> <!-- com.gorest.in.POST_02_PostBodyAsJsonFile -->
