<?xml version="1.0" encoding="UTF-8"?>
<!-- Generated by org.testng.reporters.JUnitReportReporter -->
<testsuite hostname="DESKTOP-KEGK38M" failures="0" tests="1" name="com.gorest.in.GET9_ValidateBodyWithExtractFunction_SingleJson" time="11.350" errors="0" timestamp="13 May 2024 14:11:38 GMT" skipped="0">
  <testcase classname="com.gorest.in.GET9_ValidateBodyWithExtractFunction_SingleJson" name="getProductDataAPI_WIthExtractBodyTest3" time="11.350"/>
</testsuite> <!-- com.gorest.in.GET9_ValidateBodyWithExtractFunction_SingleJson -->
