<?xml version="1.0" encoding="UTF-8"?>
<!-- Generated by org.testng.reporters.JUnitReportReporter -->
<testsuite hostname="DESKTOP-KEGK38M" failures="0" tests="1" name="com.gorest.in.GET_14_ReqRespSpecBuilder" time="11.390" errors="0" timestamp="2024-05-18T10:32:09 IST" skipped="0">
  <testcase classname="com.gorest.in.GET_14_ReqRespSpecBuilder" name="getUserDetails" time="11.390"/>
  <system-out/>
</testsuite> <!-- com.gorest.in.GET_14_ReqRespSpecBuilder -->
