<?xml version="1.0" encoding="UTF-8"?>
<!-- Generated by org.testng.reporters.JUnitReportReporter -->
<testsuite hostname="DESKTOP-KEGK38M" failures="0" tests="3" name="Selenium2024.Selenium2024.DataDrivenTest" time="0.019" errors="0" timestamp="14 Apr 2024 05:45:24 GMT" skipped="0">
  <testcase classname="Selenium2024.Selenium2024.DataDrivenTest" name="getData" time="0.014"/>
  <testcase classname="Selenium2024.Selenium2024.DataDrivenTest" name="getData" time="0.002"/>
  <testcase classname="Selenium2024.Selenium2024.DataDrivenTest" name="getData" time="0.003"/>
</testsuite> <!-- Selenium2024.Selenium2024.DataDrivenTest -->
