<?xml version="1.0" encoding="UTF-8"?>
<!-- Generated by org.testng.reporters.JUnitReportReporter -->
<testsuite hostname="DESKTOP-KEGK38M" failures="0" tests="1" name="com.qa.ergast.tests.GET_01_GetCircuits_Test" time="5.198" errors="0" timestamp="2024-06-23T11:23:45 IST" skipped="0">
  <testcase classname="com.qa.ergast.tests.GET_01_GetCircuits_Test" name="getAllCicrcuiteDetailsTest" time="5.198"/>
  <system-out/>
</testsuite> <!-- com.qa.ergast.tests.GET_01_GetCircuits_Test -->
