<?xml version="1.0" encoding="UTF-8"?>
<!-- Generated by org.testng.reporters.JUnitReportReporter -->
<testsuite hostname="DESKTOP-KEGK38M" failures="0" tests="1" name="com.qa.ergast.tests.GET_02_GetCircuitID_JsonPath_Test" time="4.201" errors="0" timestamp="2024-06-23T11:23:45 IST" skipped="0">
  <testcase classname="com.qa.ergast.tests.GET_02_GetCircuitID_JsonPath_Test" name="validateCircuitDataTest" time="4.201"/>
  <system-out/>
</testsuite> <!-- com.qa.ergast.tests.GET_02_GetCircuitID_JsonPath_Test -->
