<?xml version="1.0" encoding="UTF-8"?>
<!-- Generated by org.testng.reporters.JUnitReportReporter -->
<testsuite hostname="DESKTOP-KEGK38M" failures="0" tests="1" name="com.qa.ergast.tests.GET_02_GetCircuits" time="5.461" errors="0" timestamp="2024-06-22T19:21:48 IST" skipped="0">
  <testcase classname="com.qa.ergast.tests.GET_02_GetCircuits" name="validateCircuitDataTest" time="5.461"/>
  <system-out/>
</testsuite> <!-- com.qa.ergast.tests.GET_02_GetCircuits -->
