<?xml version="1.0" encoding="UTF-8"?>
<!-- Generated by org.testng.reporters.JUnitReportReporter -->
<testsuite skipped="1" hostname="DESKTOP-KEGK38M" name="TestNG1.AnnoationConcepts" tests="3" failures="0" timestamp="24 Jun 2023 13:38:49 GMT" time="0.024" errors="0">
  <testcase name="UserInfoTest" time="0.010" classname="TestNG1.AnnoationConcepts"/>
  <testcase name="AccountInfoTest" time="0.014" classname="TestNG1.AnnoationConcepts"/>
  <testcase name="AccountInfoTest2" classname="TestNG1.AnnoationConcepts">
    <skipped/>
  </testcase> <!-- AccountInfoTest2 -->
</testsuite> <!-- TestNG1.AnnoationConcepts -->
