<?xml version="1.0" encoding="UTF-8"?>
<!-- Generated by org.testng.reporters.JUnitReportReporter -->
<testsuite skipped="1" hostname="DESKTOP-KEGK38M" name="TestNG1.Practise1Test" tests="7" failures="0" timestamp="24 Jun 2023 14:06:06 GMT" time="0.037" errors="0">
  <testcase name="test3" time="0.007" classname="TestNG1.Practise1Test"/>
  <testcase name="m5Test" time="0.004" classname="TestNG1.Practise1Test"/>
  <testcase name="m5Test" time="0.010" classname="TestNG1.Practise1Test"/>
  <testcase name="m5Test" time="0.006" classname="TestNG1.Practise1Test"/>
  <testcase name="m5Test" time="0.005" classname="TestNG1.Practise1Test"/>
  <testcase name="m5Test" time="0.005" classname="TestNG1.Practise1Test"/>
  <testcase name="test2" classname="TestNG1.Practise1Test">
    <skipped/>
  </testcase> <!-- test2 -->
</testsuite> <!-- TestNG1.Practise1Test -->
