<?xml version="1.0" encoding="UTF-8"?>
<!-- Generated by org.testng.reporters.JUnitReportReporter -->
<testsuite hostname="DESKTOP-KEGK38M" failures="0" tests="1" name="TestNG1.ExpectedExceptionConcept" time="0.005" errors="0" timestamp="27 May 2022 02:24:52 GMT" skipped="0">
  <testcase classname="TestNG1.ExpectedExceptionConcept" name="LoginTest" time="0.005"/>
</testsuite> <!-- TestNG1.ExpectedExceptionConcept -->
