<?xml version="1.0" encoding="UTF-8"?>
<!-- Generated by org.testng.reporters.JUnitReportReporter -->
<testsuite hostname="DESKTOP-KEGK38M" failures="0" tests="1" name="TestNG1.SignUp" time="10.198" errors="0" timestamp="27 May 2022 04:43:57 GMT" skipped="0">
  <testcase classname="TestNG1.SignUp" name="VerifyAccountTest" time="10.198"/>
</testsuite> <!-- TestNG1.SignUp -->
