<?xml version="1.0" encoding="UTF-8"?>
<!-- Generated by org.testng.reporters.JUnitReportReporter -->
<testsuite hostname="DESKTOP-KEGK38M" failures="0" tests="5" name="TestNG1.TestNG_Practise02" time="0.026" errors="0" timestamp="27 May 2022 14:50:56 GMT" skipped="0">
  <testcase classname="TestNG1.TestNG_Practise02" name="LoginPageTest" time="0.001"/>
  <testcase classname="TestNG1.TestNG_Practise02" name="LoginPageTest" time="0.003"/>
  <testcase classname="TestNG1.TestNG_Practise02" name="LoginPageTest" time="0.002"/>
  <testcase classname="TestNG1.TestNG_Practise02" name="LoginPageTest" time="0.003"/>
  <testcase classname="TestNG1.TestNG_Practise02" name="LoginPageTest" time="0.017"/>
</testsuite> <!-- TestNG1.TestNG_Practise02 -->
