<?xml version="1.0" encoding="UTF-8"?>
<!-- Generated by org.testng.reporters.JUnitReportReporter -->
<testsuite hostname="DESKTOP-KEGK38M" failures="0" tests="1" name="TestNG1.PractiseOfSequence" time="0.013" errors="0" timestamp="27 May 2022 14:21:34 GMT" skipped="0">
  <testcase classname="TestNG1.PractiseOfSequence" name="LoginPageTest" time="0.013"/>
</testsuite> <!-- TestNG1.PractiseOfSequence -->
