<?xml version="1.0" encoding="UTF-8"?>
<!-- Generated by org.testng.reporters.JUnitReportReporter -->
<testsuite hostname="DESKTOP-KEGK38M" failures="0" tests="5" name="TestNG1.Excecution_Sequence" time="0.029" errors="0" timestamp="26 May 2022 07:01:48 GMT" skipped="0">
  <testcase classname="TestNG1.Excecution_Sequence" name="test3" time="0.017"/>
  <testcase classname="TestNG1.Excecution_Sequence" name="test2" time="0.004"/>
  <testcase classname="TestNG1.Excecution_Sequence" name="test4" time="0.003"/>
  <testcase classname="TestNG1.Excecution_Sequence" name="test5" time="0.003"/>
  <testcase classname="TestNG1.Excecution_Sequence" name="test1" time="0.002"/>
</testsuite> <!-- TestNG1.Excecution_Sequence -->
