<?xml version="1.0" encoding="UTF-8"?>
<!-- Generated by org.testng.reporters.JUnitReportReporter -->
<testsuite hostname="DESKTOP-KEGK38M" failures="0" tests="2" name="TestNG1.TestNG_Practise01" time="15.082" errors="0" timestamp="27 May 2022 14:05:32 GMT" skipped="0">
  <testcase classname="TestNG1.TestNG_Practise01" name="LoginTest" time="6.844"/>
  <testcase classname="TestNG1.TestNG_Practise01" name="LoginPageTest" time="8.238"/>
</testsuite> <!-- TestNG1.TestNG_Practise01 -->
