<?xml version="1.0" encoding="UTF-8"?>
<!-- Generated by org.testng.reporters.JUnitReportReporter -->
<testsuite hostname="DESKTOP-KEGK38M" failures="0" tests="5" name="TestNG1.InvocationConcept" time="0.026" errors="0" timestamp="27 May 2022 02:24:52 GMT" skipped="0">
  <testcase classname="TestNG1.InvocationConcept" name="createUSer" time="0.003"/>
  <testcase classname="TestNG1.InvocationConcept" name="createUSer" time="0.003"/>
  <testcase classname="TestNG1.InvocationConcept" name="createUSer" time="0.003"/>
  <testcase classname="TestNG1.InvocationConcept" name="createUSer" time="0.003"/>
  <testcase classname="TestNG1.InvocationConcept" name="createUSer" time="0.014"/>
</testsuite> <!-- TestNG1.InvocationConcept -->
