<?xml version="1.0" encoding="UTF-8"?>
<!-- Generated by org.testng.reporters.JUnitReportReporter -->
<testsuite hostname="DESKTOP-KEGK38M" failures="0" tests="1" name="com.booksCart.TechVeritoAssignment.LoginPageTest" time="4.358" errors="0" timestamp="14 Oct 2024 15:24:16 GMT" skipped="0">
  <testcase classname="com.booksCart.TechVeritoAssignment.LoginPageTest" name="testLogin" time="4.358"/>
</testsuite> <!-- com.booksCart.TechVeritoAssignment.LoginPageTest -->
